2023-05-22 14:05:604 INFO  HomePage :23 - Clicked on bank manager login button : [[ChromeDriver: chrome on WINDOWS (9d9669d478775cf14209956b088f1b75)] -> xpath: //button[normalize-space()='Bank Manager Login']]
2023-05-22 14:05:941 INFO  BankManagerLoginPage :30 - Clicked on add customer button : [[ChromeDriver: chrome on WINDOWS (9d9669d478775cf14209956b088f1b75)] -> xpath: //button[normalize-space()='Add Customer']]
2023-05-22 14:05:300 INFO  AddCustomerPage :34 - Send text to First name Text box : Amanda
2023-05-22 14:05:399 INFO  AddCustomerPage :39 - Send text to Last name Text box : Yately
2023-05-22 14:05:529 INFO  AddCustomerPage :44 - Send text to Postcode Text box : se4 3je
2023-05-22 14:05:673 INFO  AddCustomerPage :49 - Clicked on add customer button : [[ChromeDriver: chrome on WINDOWS (9d9669d478775cf14209956b088f1b75)] -> xpath: //button[@type='submit']]
2023-05-22 15:05:519 INFO  HomePage :23 - Clicked on bank manager login button : [[ChromeDriver: chrome on WINDOWS (6416293ed306b76cb11bc89cb96ac5c1)] -> xpath: //button[normalize-space()='Bank Manager Login']]
2023-05-22 15:05:00 INFO  BankManagerLoginPage :30 - Clicked on add customer button : [[ChromeDriver: chrome on WINDOWS (6416293ed306b76cb11bc89cb96ac5c1)] -> xpath: //button[normalize-space()='Add Customer']]
2023-05-22 15:05:506 INFO  AddCustomerPage :34 - Send text to First name Text box : Amanda
2023-05-22 15:05:672 INFO  AddCustomerPage :39 - Send text to Last name Text box : Yately
2023-05-22 15:05:839 INFO  AddCustomerPage :44 - Send text to Postcode Text box : se4 3je
2023-05-22 15:05:999 INFO  AddCustomerPage :49 - Clicked on add customer button : [[ChromeDriver: chrome on WINDOWS (6416293ed306b76cb11bc89cb96ac5c1)] -> xpath: //button[@type='submit']]
2023-05-22 15:05:05 INFO  AddCustomerPage :53 -  Pop up Display 
2023-05-22 15:05:66 INFO  AddCustomerPage :60 - Verifying message ' Customer added successfully with customer id :6 ' 
2023-05-22 15:05:961 INFO  HomePage :23 - Clicked on bank manager login button : [[ChromeDriver: chrome on WINDOWS (94ac63017f372a00238f601d1bf8c040)] -> xpath: //button[normalize-space()='Bank Manager Login']]
2023-05-22 15:05:294 INFO  BankManagerLoginPage :30 - Clicked on add customer button : [[ChromeDriver: chrome on WINDOWS (94ac63017f372a00238f601d1bf8c040)] -> xpath: //button[normalize-space()='Add Customer']]
2023-05-22 15:05:185 INFO  AddCustomerPage :34 - Send text to First name Text box : Amanda
2023-05-22 15:05:340 INFO  AddCustomerPage :39 - Send text to Last name Text box : Yately
2023-05-22 15:05:535 INFO  AddCustomerPage :44 - Send text to Postcode Text box : se4 3je
2023-05-22 15:05:673 INFO  AddCustomerPage :49 - Clicked on add customer button : [[ChromeDriver: chrome on WINDOWS (94ac63017f372a00238f601d1bf8c040)] -> xpath: //button[@type='submit']]
2023-05-22 15:05:690 INFO  AddCustomerPage :53 -  Pop up Display 
2023-05-22 15:05:733 INFO  AddCustomerPage :60 - Verifying message ' Customer added successfully with customer id :6 ' 
2023-05-22 15:05:339 INFO  HomePage :23 - Clicked on bank manager login button : [[ChromeDriver: chrome on WINDOWS (a5f5691cbfb1c74d9ae50433bc48aaf5)] -> xpath: //button[normalize-space()='Bank Manager Login']]
2023-05-22 15:05:717 INFO  BankManagerLoginPage :34 - Clicked on open account button : [[ChromeDriver: chrome on WINDOWS (a5f5691cbfb1c74d9ae50433bc48aaf5)] -> xpath: //button[normalize-space()='Open Account']]
2023-05-22 15:05:103 INFO  HomePage :23 - Clicked on bank manager login button : [[ChromeDriver: chrome on WINDOWS (a8d526130c93e74bcc5d31e8c90ea2e0)] -> xpath: //button[normalize-space()='Bank Manager Login']]
2023-05-22 15:05:444 INFO  BankManagerLoginPage :33 - Clicked on open account button : [[ChromeDriver: chrome on WINDOWS (a8d526130c93e74bcc5d31e8c90ea2e0)] -> xpath: //button[normalize-space()='Open Account']]
2023-05-22 16:05:683 INFO  HomePage :23 - Clicked on bank manager login button : [[ChromeDriver: chrome on WINDOWS (b7787cda809d417759b996a989a3a060)] -> xpath: //button[normalize-space()='Bank Manager Login']]
2023-05-22 16:05:177 INFO  BankManagerLoginPage :33 - Clicked on open account button : [[ChromeDriver: chrome on WINDOWS (b7787cda809d417759b996a989a3a060)] -> xpath: //button[normalize-space()='Open Account']]
2023-05-22 16:05:114 INFO  HomePage :23 - Clicked on bank manager login button : [[ChromeDriver: chrome on WINDOWS (0b54a096c721d2f5424f3ac8fc200e47)] -> xpath: //button[normalize-space()='Bank Manager Login']]
2023-05-22 16:05:456 INFO  BankManagerLoginPage :33 - Clicked on open account button : [[ChromeDriver: chrome on WINDOWS (0b54a096c721d2f5424f3ac8fc200e47)] -> xpath: //button[normalize-space()='Open Account']]
2023-05-22 16:05:407 INFO  AddCustomerPage :53 -  Pop up Display 
2023-05-22 16:05:419 INFO  HomePage :23 - Clicked on bank manager login button : [[ChromeDriver: chrome on WINDOWS (d1af2fe05b103dc61e90bd4dbf16c441)] -> xpath: //button[normalize-space()='Bank Manager Login']]
2023-05-22 16:05:770 INFO  BankManagerLoginPage :33 - Clicked on open account button : [[ChromeDriver: chrome on WINDOWS (d1af2fe05b103dc61e90bd4dbf16c441)] -> xpath: //button[normalize-space()='Open Account']]
2023-05-22 16:05:268 INFO  OpenAccountPage :39 - Click on customer dropdown : [[ChromeDriver: chrome on WINDOWS (d1af2fe05b103dc61e90bd4dbf16c441)] -> id: userSelect]
2023-05-22 16:05:395 INFO  OpenAccountPage :43 - Click on  currency : [[ChromeDriver: chrome on WINDOWS (d1af2fe05b103dc61e90bd4dbf16c441)] -> id: currency]
2023-05-22 16:05:622 INFO  OpenAccountPage :48 - Click process button : [[ChromeDriver: chrome on WINDOWS (d1af2fe05b103dc61e90bd4dbf16c441)] -> xpath: //button[normalize-space()='Process']]
2023-05-22 16:05:627 INFO  AddCustomerPage :53 -  Pop up Display 
2023-05-22 16:05:658 INFO  AddCustomerPage :60 - Verifying message ' Account created successfully with account Number :1016 ' 
2023-05-22 16:05:840 INFO  HomePage :30 - Clicked on customer login button : [[ChromeDriver: chrome on WINDOWS (56f5ac0e077f8f8f1e4388ce020c531c)] -> xpath: //button[normalize-space()='Customer Login']]
2023-05-22 16:05:253 INFO  OpenAccountPage :39 - Click on customer dropdown : [[ChromeDriver: chrome on WINDOWS (56f5ac0e077f8f8f1e4388ce020c531c)] -> id: userSelect]
2023-05-22 16:05:293 INFO  HomePage :30 - Clicked on customer login button : [[ChromeDriver: chrome on WINDOWS (8692477aa5cd1f30488788a847a3ec20)] -> xpath: //button[normalize-space()='Customer Login']]
2023-05-22 16:05:809 INFO  OpenAccountPage :39 - Click on customer dropdown : [[ChromeDriver: chrome on WINDOWS (8692477aa5cd1f30488788a847a3ec20)] -> id: userSelect]
2023-05-22 16:05:921 INFO  CustomerLoginPage :28 - Click on login button : [[ChromeDriver: chrome on WINDOWS (8692477aa5cd1f30488788a847a3ec20)] -> xpath: //button[normalize-space()='Login']]
2023-05-22 16:05:424 INFO  HomePage :30 - Clicked on customer login button : [[ChromeDriver: chrome on WINDOWS (bbbf61b4fd3f4e5ed00b048569739454)] -> xpath: //button[normalize-space()='Customer Login']]
2023-05-22 16:05:998 INFO  OpenAccountPage :39 - Click on customer dropdown : [[ChromeDriver: chrome on WINDOWS (bbbf61b4fd3f4e5ed00b048569739454)] -> id: userSelect]
2023-05-22 16:05:90 INFO  CustomerLoginPage :31 - Click on login button : [[ChromeDriver: chrome on WINDOWS (bbbf61b4fd3f4e5ed00b048569739454)] -> xpath: //button[normalize-space()='Login']]
2023-05-22 16:05:110 INFO  CustomerLoginPage :36 - Log out button displayed : [[ChromeDriver: chrome on WINDOWS (bbbf61b4fd3f4e5ed00b048569739454)] -> xpath: //button[normalize-space()='Logout']]
2023-05-22 16:05:369 INFO  CustomerLoginPage :41 - Click on Log out button : [[ChromeDriver: chrome on WINDOWS (bbbf61b4fd3f4e5ed00b048569739454)] -> xpath: //button[normalize-space()='Logout']]
2023-05-22 17:05:903 INFO  HomePage :30 - Clicked on customer login button : [[ChromeDriver: chrome on WINDOWS (539a50e555fdc51f69a200253671c8e0)] -> xpath: //button[normalize-space()='Customer Login']]
2023-05-22 17:05:467 INFO  OpenAccountPage :39 - Click on customer dropdown : [[ChromeDriver: chrome on WINDOWS (539a50e555fdc51f69a200253671c8e0)] -> id: userSelect]
2023-05-22 17:05:545 INFO  CustomerLoginPage :30 - Click on login button : [[ChromeDriver: chrome on WINDOWS (539a50e555fdc51f69a200253671c8e0)] -> xpath: //button[normalize-space()='Login']]
2023-05-22 17:05:574 INFO  CustomerLoginPage :35 - Log out button displayed : [[ChromeDriver: chrome on WINDOWS (539a50e555fdc51f69a200253671c8e0)] -> xpath: //button[normalize-space()='Logout']]
2023-05-22 17:05:851 INFO  CustomerLoginPage :40 - Click on Log out button : [[ChromeDriver: chrome on WINDOWS (539a50e555fdc51f69a200253671c8e0)] -> xpath: //button[normalize-space()='Logout']]
2023-05-22 17:05:720 INFO  HomePage :30 - Clicked on customer login button : [[ChromeDriver: chrome on WINDOWS (3c5253cfe1b84b2f66d3d9de21c02300)] -> xpath: //button[normalize-space()='Customer Login']]
2023-05-22 17:05:366 INFO  OpenAccountPage :39 - Click on customer dropdown : [[ChromeDriver: chrome on WINDOWS (3c5253cfe1b84b2f66d3d9de21c02300)] -> id: userSelect]
2023-05-22 17:05:482 INFO  CustomerLoginPage :30 - Click on login button : [[ChromeDriver: chrome on WINDOWS (3c5253cfe1b84b2f66d3d9de21c02300)] -> xpath: //button[normalize-space()='Login']]
2023-05-22 17:05:519 INFO  CustomerLoginPage :35 - Log out button displayed : [[ChromeDriver: chrome on WINDOWS (3c5253cfe1b84b2f66d3d9de21c02300)] -> xpath: //button[normalize-space()='Logout']]
2023-05-22 17:05:770 INFO  CustomerLoginPage :40 - Click on Log out button : [[ChromeDriver: chrome on WINDOWS (3c5253cfe1b84b2f66d3d9de21c02300)] -> xpath: //button[normalize-space()='Logout']]
2023-05-22 17:05:216 INFO  HomePage :30 - Clicked on customer login button : [[ChromeDriver: chrome on WINDOWS (3179f03db7d71ba4001fb5ba42ecd3fb)] -> xpath: //button[normalize-space()='Customer Login']]
2023-05-22 17:05:926 INFO  OpenAccountPage :39 - Click on customer dropdown : [[ChromeDriver: chrome on WINDOWS (3179f03db7d71ba4001fb5ba42ecd3fb)] -> id: userSelect]
2023-05-22 17:05:71 INFO  CustomerLoginPage :30 - Click on login button : [[ChromeDriver: chrome on WINDOWS (3179f03db7d71ba4001fb5ba42ecd3fb)] -> xpath: //button[normalize-space()='Login']]
2023-05-22 17:05:111 INFO  CustomerLoginPage :35 - Log out button displayed : [[ChromeDriver: chrome on WINDOWS (3179f03db7d71ba4001fb5ba42ecd3fb)] -> xpath: //button[normalize-space()='Logout']]
2023-05-22 17:05:863 INFO  HomePage :30 - Clicked on customer login button : [[ChromeDriver: chrome on WINDOWS (54476d70bb36f1b5d8617505fb41d9c7)] -> xpath: //button[normalize-space()='Customer Login']]
2023-05-22 17:05:363 INFO  OpenAccountPage :39 - Click on customer dropdown : [[ChromeDriver: chrome on WINDOWS (54476d70bb36f1b5d8617505fb41d9c7)] -> id: userSelect]
2023-05-22 17:05:445 INFO  CustomerLoginPage :30 - Click on login button : [[ChromeDriver: chrome on WINDOWS (54476d70bb36f1b5d8617505fb41d9c7)] -> xpath: //button[normalize-space()='Login']]
2023-05-22 17:05:467 INFO  CustomerLoginPage :35 - Log out button displayed : [[ChromeDriver: chrome on WINDOWS (54476d70bb36f1b5d8617505fb41d9c7)] -> xpath: //button[normalize-space()='Logout']]
2023-05-22 17:05:613 INFO  HomePage :30 - Clicked on customer login button : [[ChromeDriver: chrome on WINDOWS (958f9b11a87a66ac1a8b533b64f57b94)] -> xpath: //button[normalize-space()='Customer Login']]
2023-05-22 17:05:127 INFO  OpenAccountPage :39 - Click on customer dropdown : [[ChromeDriver: chrome on WINDOWS (958f9b11a87a66ac1a8b533b64f57b94)] -> id: userSelect]
2023-05-22 17:05:229 INFO  CustomerLoginPage :30 - Click on login button : [[ChromeDriver: chrome on WINDOWS (958f9b11a87a66ac1a8b533b64f57b94)] -> xpath: //button[normalize-space()='Login']]
2023-05-22 17:05:272 INFO  CustomerLoginPage :35 - Log out button displayed : [[ChromeDriver: chrome on WINDOWS (958f9b11a87a66ac1a8b533b64f57b94)] -> xpath: //button[normalize-space()='Logout']]
2023-05-22 17:05:541 INFO  CustomerLoginPage :40 - Click on Log out button : [[ChromeDriver: chrome on WINDOWS (958f9b11a87a66ac1a8b533b64f57b94)] -> xpath: //button[normalize-space()='Logout']]
2023-05-22 17:05:686 INFO  HomePage :30 - Clicked on customer login button : [[ChromeDriver: chrome on WINDOWS (c358d78a432ac0198f8d059955e95b16)] -> xpath: //button[normalize-space()='Customer Login']]
2023-05-22 17:05:160 INFO  OpenAccountPage :39 - Click on customer dropdown : [[ChromeDriver: chrome on WINDOWS (c358d78a432ac0198f8d059955e95b16)] -> id: userSelect]
2023-05-22 17:05:270 INFO  CustomerLoginPage :30 - Click on login button : [[ChromeDriver: chrome on WINDOWS (c358d78a432ac0198f8d059955e95b16)] -> xpath: //button[normalize-space()='Login']]
2023-05-22 17:05:293 INFO  CustomerLoginPage :35 - Log out button displayed : [[ChromeDriver: chrome on WINDOWS (c358d78a432ac0198f8d059955e95b16)] -> xpath: //button[normalize-space()='Logout']]
2023-05-22 17:05:591 INFO  CustomerLoginPage :40 - Click on Log out button : [[ChromeDriver: chrome on WINDOWS (c358d78a432ac0198f8d059955e95b16)] -> xpath: //button[normalize-space()='Logout']]
2023-05-22 17:05:609 INFO  HomePage :30 - Clicked on customer login button : [[ChromeDriver: chrome on WINDOWS (b2e9fe7e7464e71dcfd486f48e0ec9ba)] -> xpath: //button[normalize-space()='Customer Login']]
2023-05-22 17:05:127 INFO  OpenAccountPage :39 - Click on customer dropdown : [[ChromeDriver: chrome on WINDOWS (b2e9fe7e7464e71dcfd486f48e0ec9ba)] -> id: userSelect]
2023-05-22 17:05:219 INFO  CustomerLoginPage :30 - Click on login button : [[ChromeDriver: chrome on WINDOWS (b2e9fe7e7464e71dcfd486f48e0ec9ba)] -> xpath: //button[normalize-space()='Login']]
2023-05-22 17:05:775 INFO  HomePage :30 - Clicked on customer login button : [[ChromeDriver: chrome on WINDOWS (7228fedc84413d5d3955e5888a5732cd)] -> xpath: //button[normalize-space()='Customer Login']]
2023-05-22 17:05:274 INFO  OpenAccountPage :39 - Click on customer dropdown : [[ChromeDriver: chrome on WINDOWS (7228fedc84413d5d3955e5888a5732cd)] -> id: userSelect]
2023-05-22 17:05:362 INFO  CustomerLoginPage :30 - Click on login button : [[ChromeDriver: chrome on WINDOWS (7228fedc84413d5d3955e5888a5732cd)] -> xpath: //button[normalize-space()='Login']]
2023-05-22 17:05:601 INFO  AccountPage :29 - Click on deposit tab [[ChromeDriver: chrome on WINDOWS (7228fedc84413d5d3955e5888a5732cd)] -> xpath: //button[normalize-space()='Deposit']]
2023-05-22 17:05:972 INFO  AccountPage :34 - Enter Amount [[ChromeDriver: chrome on WINDOWS (7228fedc84413d5d3955e5888a5732cd)] -> xpath: //input[@placeholder='amount']]
2023-05-22 17:05:62 INFO  AccountPage :38 - Click on deposite button [[ChromeDriver: chrome on WINDOWS (7228fedc84413d5d3955e5888a5732cd)] -> xpath: //button[@type='submit']]
2023-05-22 17:05:615 INFO  HomePage :30 - Clicked on customer login button : [[ChromeDriver: chrome on WINDOWS (f591c1670cce67d9bc340c4c09b22681)] -> xpath: //button[normalize-space()='Customer Login']]
2023-05-22 17:05:124 INFO  OpenAccountPage :39 - Click on customer dropdown : [[ChromeDriver: chrome on WINDOWS (f591c1670cce67d9bc340c4c09b22681)] -> id: userSelect]
2023-05-22 17:05:219 INFO  CustomerLoginPage :30 - Click on login button : [[ChromeDriver: chrome on WINDOWS (f591c1670cce67d9bc340c4c09b22681)] -> xpath: //button[normalize-space()='Login']]
2023-05-22 17:05:531 INFO  AccountPage :29 - Click on deposit tab [[ChromeDriver: chrome on WINDOWS (f591c1670cce67d9bc340c4c09b22681)] -> xpath: //button[normalize-space()='Deposit']]
2023-05-22 17:05:848 INFO  AccountPage :34 - Enter Amount [[ChromeDriver: chrome on WINDOWS (f591c1670cce67d9bc340c4c09b22681)] -> xpath: //input[@placeholder='amount']]
2023-05-22 17:05:923 INFO  AccountPage :38 - Click on deposite button [[ChromeDriver: chrome on WINDOWS (f591c1670cce67d9bc340c4c09b22681)] -> xpath: //button[@type='submit']]
2023-05-22 17:05:194 INFO  HomePage :30 - Clicked on customer login button : [[ChromeDriver: chrome on WINDOWS (5f155d5550864b539217bd6c1a937dc1)] -> xpath: //button[normalize-space()='Customer Login']]
2023-05-22 17:05:712 INFO  OpenAccountPage :39 - Click on customer dropdown : [[ChromeDriver: chrome on WINDOWS (5f155d5550864b539217bd6c1a937dc1)] -> id: userSelect]
2023-05-22 17:05:805 INFO  CustomerLoginPage :30 - Click on login button : [[ChromeDriver: chrome on WINDOWS (5f155d5550864b539217bd6c1a937dc1)] -> xpath: //button[normalize-space()='Login']]
2023-05-22 17:05:33 INFO  AccountPage :32 - Click on deposit tab [[ChromeDriver: chrome on WINDOWS (5f155d5550864b539217bd6c1a937dc1)] -> xpath: //button[normalize-space()='Deposit']]
2023-05-22 17:05:477 INFO  AccountPage :37 - Enter Amount [[ChromeDriver: chrome on WINDOWS (5f155d5550864b539217bd6c1a937dc1)] -> xpath: //input[@placeholder='amount']]
2023-05-22 17:05:547 INFO  AccountPage :41 - Click on deposite button [[ChromeDriver: chrome on WINDOWS (5f155d5550864b539217bd6c1a937dc1)] -> xpath: //button[@type='submit']]
2023-05-22 22:05:270 INFO  HomePage :30 - Clicked on customer login button : [[ChromeDriver: chrome on WINDOWS (ae8789d2a828ad9f8b111d6d9a6fdfc8)] -> xpath: //button[normalize-space()='Customer Login']]
2023-05-22 22:05:764 INFO  OpenAccountPage :39 - Click on customer dropdown : [[ChromeDriver: chrome on WINDOWS (ae8789d2a828ad9f8b111d6d9a6fdfc8)] -> id: userSelect]
2023-05-22 22:05:860 INFO  CustomerLoginPage :30 - Click on login button : [[ChromeDriver: chrome on WINDOWS (ae8789d2a828ad9f8b111d6d9a6fdfc8)] -> xpath: //button[normalize-space()='Login']]
2023-05-22 22:05:349 INFO  AccountPage :55 - Click on withdrawal tab [[ChromeDriver: chrome on WINDOWS (ae8789d2a828ad9f8b111d6d9a6fdfc8)] -> xpath: //button[@type='submit']]
2023-05-22 22:05:440 INFO  AccountPage :43 - Enter Amount [[ChromeDriver: chrome on WINDOWS (ae8789d2a828ad9f8b111d6d9a6fdfc8)] -> xpath: //input[@placeholder='amount']]
2023-05-22 22:05:521 INFO  HomePage :30 - Clicked on customer login button : [[ChromeDriver: chrome on WINDOWS (37d926302703130cbda5e85a62913a93)] -> xpath: //button[normalize-space()='Customer Login']]
2023-05-22 22:05:54 INFO  OpenAccountPage :39 - Click on customer dropdown : [[ChromeDriver: chrome on WINDOWS (37d926302703130cbda5e85a62913a93)] -> id: userSelect]
2023-05-22 22:05:136 INFO  CustomerLoginPage :30 - Click on login button : [[ChromeDriver: chrome on WINDOWS (37d926302703130cbda5e85a62913a93)] -> xpath: //button[normalize-space()='Login']]
2023-05-22 22:05:621 INFO  AccountPage :58 - Click on withdrawal tab [[ChromeDriver: chrome on WINDOWS (37d926302703130cbda5e85a62913a93)] -> xpath: //button[@type='submit']]
2023-05-22 22:05:705 INFO  AccountPage :46 - Enter Amount [[ChromeDriver: chrome on WINDOWS (37d926302703130cbda5e85a62913a93)] -> xpath: //input[@placeholder='amount']]
2023-05-22 22:05:42 INFO  HomePage :30 - Clicked on customer login button : [[ChromeDriver: chrome on WINDOWS (ad0980be9acc7775e47d925cdc7d9f8b)] -> xpath: //button[normalize-space()='Customer Login']]
2023-05-22 22:05:558 INFO  OpenAccountPage :39 - Click on customer dropdown : [[ChromeDriver: chrome on WINDOWS (ad0980be9acc7775e47d925cdc7d9f8b)] -> id: userSelect]
2023-05-22 22:05:663 INFO  CustomerLoginPage :30 - Click on login button : [[ChromeDriver: chrome on WINDOWS (ad0980be9acc7775e47d925cdc7d9f8b)] -> xpath: //button[normalize-space()='Login']]
2023-05-22 22:05:206 INFO  AccountPage :58 - Click on withdrawal tab [[ChromeDriver: chrome on WINDOWS (ad0980be9acc7775e47d925cdc7d9f8b)] -> xpath: //button[@type='submit']]
2023-05-22 22:05:290 INFO  AccountPage :46 - Enter Amount [[ChromeDriver: chrome on WINDOWS (ad0980be9acc7775e47d925cdc7d9f8b)] -> xpath: //input[@placeholder='amount']]
2023-05-22 22:05:183 INFO  AccountPage :65 - Get text Proxy element for: DefaultElementLocator 'By.xpath: //span[@class='error ng-binding']'
2023-05-22 22:05:187 INFO  HomePage :30 - Clicked on customer login button : [[ChromeDriver: chrome on WINDOWS (5cdb4bf7dd28308fe5c399ab9f230fe9)] -> xpath: //button[normalize-space()='Customer Login']]
2023-05-22 22:05:289 INFO  OpenAccountPage :39 - Click on customer dropdown : [[ChromeDriver: chrome on WINDOWS (5cdb4bf7dd28308fe5c399ab9f230fe9)] -> id: userSelect]
2023-05-22 22:05:430 INFO  CustomerLoginPage :30 - Click on login button : [[ChromeDriver: chrome on WINDOWS (5cdb4bf7dd28308fe5c399ab9f230fe9)] -> xpath: //button[normalize-space()='Login']]
2023-05-22 22:05:09 INFO  AccountPage :58 - Click on withdrawal tab [[ChromeDriver: chrome on WINDOWS (5cdb4bf7dd28308fe5c399ab9f230fe9)] -> xpath: //button[@type='submit']]
2023-05-22 22:05:136 INFO  AccountPage :46 - Enter Amount [[ChromeDriver: chrome on WINDOWS (5cdb4bf7dd28308fe5c399ab9f230fe9)] -> xpath: //input[@placeholder='amount']]
2023-05-22 22:05:964 INFO  HomePage :30 - Clicked on customer login button : [[ChromeDriver: chrome on WINDOWS (e3dcf292468f7720bb27e2072c292662)] -> xpath: //button[normalize-space()='Customer Login']]
2023-05-22 22:05:479 INFO  OpenAccountPage :39 - Click on customer dropdown : [[ChromeDriver: chrome on WINDOWS (e3dcf292468f7720bb27e2072c292662)] -> id: userSelect]
2023-05-22 22:05:580 INFO  CustomerLoginPage :30 - Click on login button : [[ChromeDriver: chrome on WINDOWS (e3dcf292468f7720bb27e2072c292662)] -> xpath: //button[normalize-space()='Login']]
2023-05-22 22:05:109 INFO  AccountPage :59 - Click on withdrawal tab [[ChromeDriver: chrome on WINDOWS (e3dcf292468f7720bb27e2072c292662)] -> xpath: //button[@type='submit']]
2023-05-22 22:05:202 INFO  AccountPage :47 - Enter Amount [[ChromeDriver: chrome on WINDOWS (e3dcf292468f7720bb27e2072c292662)] -> xpath: //input[@placeholder='amount']]
2023-05-22 22:05:955 INFO  HomePage :30 - Clicked on customer login button : [[ChromeDriver: chrome on WINDOWS (12cae6795b6d3b89c7935830efc35276)] -> xpath: //button[normalize-space()='Customer Login']]
2023-05-22 22:05:469 INFO  OpenAccountPage :39 - Click on customer dropdown : [[ChromeDriver: chrome on WINDOWS (12cae6795b6d3b89c7935830efc35276)] -> id: userSelect]
2023-05-22 22:05:543 INFO  CustomerLoginPage :30 - Click on login button : [[ChromeDriver: chrome on WINDOWS (12cae6795b6d3b89c7935830efc35276)] -> xpath: //button[normalize-space()='Login']]
2023-05-22 22:05:133 INFO  AccountPage :59 - Click on withdrawal tab [[ChromeDriver: chrome on WINDOWS (12cae6795b6d3b89c7935830efc35276)] -> xpath: //button[@type='submit']]
2023-05-22 22:05:214 INFO  AccountPage :47 - Enter Amount [[ChromeDriver: chrome on WINDOWS (12cae6795b6d3b89c7935830efc35276)] -> xpath: //input[@placeholder='amount']]
2023-05-23 08:05:154 INFO  HomePage :30 - Clicked on customer login button : [[ChromeDriver: chrome on WINDOWS (0d65f8e0b652f007769ce8010ab9f7ee)] -> xpath: //button[normalize-space()='Customer Login']]
2023-05-23 08:05:770 INFO  OpenAccountPage :39 - Click on customer dropdown : [[ChromeDriver: chrome on WINDOWS (0d65f8e0b652f007769ce8010ab9f7ee)] -> id: userSelect]
2023-05-23 08:05:870 INFO  CustomerLoginPage :30 - Click on login button : [[ChromeDriver: chrome on WINDOWS (0d65f8e0b652f007769ce8010ab9f7ee)] -> xpath: //button[normalize-space()='Login']]
2023-05-23 08:05:438 INFO  AccountPage :59 - Click on withdrawal tab [[ChromeDriver: chrome on WINDOWS (0d65f8e0b652f007769ce8010ab9f7ee)] -> xpath: //button[@type='submit']]
2023-05-23 08:05:532 INFO  AccountPage :47 - Enter Amount [[ChromeDriver: chrome on WINDOWS (0d65f8e0b652f007769ce8010ab9f7ee)] -> xpath: //input[@placeholder='amount']]
2023-05-23 08:05:368 INFO  HomePage :30 - Clicked on customer login button : [[ChromeDriver: chrome on WINDOWS (87b4e6e0caa18ce500cff893a989ebd8)] -> xpath: //button[normalize-space()='Customer Login']]
2023-05-23 08:05:859 INFO  OpenAccountPage :39 - Click on customer dropdown : [[ChromeDriver: chrome on WINDOWS (87b4e6e0caa18ce500cff893a989ebd8)] -> id: userSelect]
2023-05-23 08:05:944 INFO  CustomerLoginPage :30 - Click on login button : [[ChromeDriver: chrome on WINDOWS (87b4e6e0caa18ce500cff893a989ebd8)] -> xpath: //button[normalize-space()='Login']]
2023-05-23 08:05:530 INFO  AccountPage :59 - Click on withdrawal tab [[ChromeDriver: chrome on WINDOWS (87b4e6e0caa18ce500cff893a989ebd8)] -> xpath: //button[@type='submit']]
2023-05-23 08:05:603 INFO  AccountPage :47 - Enter Amount [[ChromeDriver: chrome on WINDOWS (87b4e6e0caa18ce500cff893a989ebd8)] -> xpath: //input[@placeholder='amount']]
2023-05-23 08:05:674 INFO  AccountPage :63 - Click on withdrawal Button [[ChromeDriver: chrome on WINDOWS (87b4e6e0caa18ce500cff893a989ebd8)] -> xpath: //button[normalize-space()='Withdraw']]
2023-05-23 08:05:125 INFO  HomePage :30 - Clicked on customer login button : [[ChromeDriver: chrome on WINDOWS (a890051a678dd809db9d6c940b206374)] -> xpath: //button[normalize-space()='Customer Login']]
2023-05-23 08:05:591 INFO  OpenAccountPage :39 - Click on customer dropdown : [[ChromeDriver: chrome on WINDOWS (a890051a678dd809db9d6c940b206374)] -> id: userSelect]
2023-05-23 08:05:681 INFO  CustomerLoginPage :30 - Click on login button : [[ChromeDriver: chrome on WINDOWS (a890051a678dd809db9d6c940b206374)] -> xpath: //button[normalize-space()='Login']]
2023-05-23 08:05:951 INFO  AccountPage :42 - Click on deposit tab [[ChromeDriver: chrome on WINDOWS (a890051a678dd809db9d6c940b206374)] -> xpath: //button[normalize-space()='Deposit']]
2023-05-23 08:05:267 INFO  AccountPage :47 - Enter Amount [[ChromeDriver: chrome on WINDOWS (a890051a678dd809db9d6c940b206374)] -> xpath: //input[@placeholder='amount']]
2023-05-23 08:05:359 INFO  AccountPage :51 - Click on deposite button [[ChromeDriver: chrome on WINDOWS (a890051a678dd809db9d6c940b206374)] -> xpath: //button[@type='submit']]
2023-05-23 08:05:380 INFO  AccountPage :54 - Get text  [[ChromeDriver: chrome on WINDOWS (a890051a678dd809db9d6c940b206374)] -> xpath: //button[@type='submit']]
2023-05-23 08:05:781 INFO  HomePage :30 - Clicked on customer login button : [[ChromeDriver: chrome on WINDOWS (db291c6a5daa4acd3b591757e4912374)] -> xpath: //button[normalize-space()='Customer Login']]
2023-05-23 08:05:236 INFO  OpenAccountPage :39 - Click on customer dropdown : [[ChromeDriver: chrome on WINDOWS (db291c6a5daa4acd3b591757e4912374)] -> id: userSelect]
2023-05-23 08:05:347 INFO  CustomerLoginPage :30 - Click on login button : [[ChromeDriver: chrome on WINDOWS (db291c6a5daa4acd3b591757e4912374)] -> xpath: //button[normalize-space()='Login']]
2023-05-23 08:05:846 INFO  AccountPage :59 - Click on withdrawal tab [[ChromeDriver: chrome on WINDOWS (db291c6a5daa4acd3b591757e4912374)] -> xpath: //button[@type='submit']]
2023-05-23 08:05:923 INFO  AccountPage :47 - Enter Amount [[ChromeDriver: chrome on WINDOWS (db291c6a5daa4acd3b591757e4912374)] -> xpath: //input[@placeholder='amount']]
2023-05-23 08:05:32 INFO  AccountPage :63 - Click on withdrawal Button [[ChromeDriver: chrome on WINDOWS (db291c6a5daa4acd3b591757e4912374)] -> xpath: //button[normalize-space()='Withdraw']]
2023-05-23 08:05:964 INFO  HomePage :30 - Clicked on customer login button : [[ChromeDriver: chrome on WINDOWS (b9c9e7e25bea99a2e87cc222581234d5)] -> xpath: //button[normalize-space()='Customer Login']]
2023-05-23 08:05:448 INFO  OpenAccountPage :39 - Click on customer dropdown : [[ChromeDriver: chrome on WINDOWS (b9c9e7e25bea99a2e87cc222581234d5)] -> id: userSelect]
2023-05-23 08:05:539 INFO  CustomerLoginPage :30 - Click on login button : [[ChromeDriver: chrome on WINDOWS (b9c9e7e25bea99a2e87cc222581234d5)] -> xpath: //button[normalize-space()='Login']]
2023-05-23 08:05:783 INFO  AccountPage :42 - Click on deposit tab [[ChromeDriver: chrome on WINDOWS (b9c9e7e25bea99a2e87cc222581234d5)] -> xpath: //button[normalize-space()='Deposit']]
2023-05-23 08:05:112 INFO  AccountPage :47 - Enter Amount [[ChromeDriver: chrome on WINDOWS (b9c9e7e25bea99a2e87cc222581234d5)] -> xpath: //input[@placeholder='amount']]
2023-05-23 08:05:208 INFO  AccountPage :51 - Click on deposite button [[ChromeDriver: chrome on WINDOWS (b9c9e7e25bea99a2e87cc222581234d5)] -> xpath: //button[@type='submit']]
2023-05-23 08:05:228 INFO  AccountPage :54 - Get text  [[ChromeDriver: chrome on WINDOWS (b9c9e7e25bea99a2e87cc222581234d5)] -> xpath: //button[@type='submit']]
2023-05-23 08:05:845 INFO  HomePage :30 - Clicked on customer login button : [[ChromeDriver: chrome on WINDOWS (575b58d2ba66e5603d3f3aad2c0f617a)] -> xpath: //button[normalize-space()='Customer Login']]
2023-05-23 08:05:384 INFO  OpenAccountPage :39 - Click on customer dropdown : [[ChromeDriver: chrome on WINDOWS (575b58d2ba66e5603d3f3aad2c0f617a)] -> id: userSelect]
2023-05-23 08:05:509 INFO  CustomerLoginPage :30 - Click on login button : [[ChromeDriver: chrome on WINDOWS (575b58d2ba66e5603d3f3aad2c0f617a)] -> xpath: //button[normalize-space()='Login']]
2023-05-23 08:05:49 INFO  AccountPage :59 - Click on withdrawal tab [[ChromeDriver: chrome on WINDOWS (575b58d2ba66e5603d3f3aad2c0f617a)] -> xpath: //button[@type='submit']]
2023-05-23 08:05:130 INFO  AccountPage :47 - Enter Amount [[ChromeDriver: chrome on WINDOWS (575b58d2ba66e5603d3f3aad2c0f617a)] -> xpath: //input[@placeholder='amount']]
2023-05-23 08:05:247 INFO  AccountPage :63 - Click on withdrawal Button [[ChromeDriver: chrome on WINDOWS (575b58d2ba66e5603d3f3aad2c0f617a)] -> xpath: //button[normalize-space()='Withdraw']]
2023-05-23 08:05:313 INFO  AccountPage :67 - Get text [[ChromeDriver: chrome on WINDOWS (575b58d2ba66e5603d3f3aad2c0f617a)] -> xpath: //span[@class='error ng-binding']]
